<?xml version="1.0" encoding="UTF-8"?>
<!-- Generated by org.testng.reporters.JUnitXMLReporter -->
<testsuite hostname="sys" ignored="1" name="Test" tests="2" failures="0" timestamp="09 Feb 2019 08:30:55 GMT" time="0.055" errors="0">
  <testcase name="bye" time="0.018" classname="TestNGSample.Regression"/>
  <testcase name="hello" time="0.002" classname="TestNGSample.Regression"/>
  <testcase name="login" time="0.0" classname="TestNGSample.Regression">
    <ignored/>
  </testcase> <!-- login -->
</testsuite> <!-- Test -->
