<?xml version="1.0" encoding="UTF-8"?>
<testng-results skipped="0" failed="0" ignored="1" total="3" passed="2">
  <reporter-output>
  </reporter-output>
  <suite name="Suite" duration-ms="55" started-at="2019-02-09T08:30:54Z" finished-at="2019-02-09T08:30:54Z">
    <groups>
    </groups>
    <test name="Test" duration-ms="55" started-at="2019-02-09T08:30:54Z" finished-at="2019-02-09T08:30:54Z">
      <class name="TestNGSample.Regression">
        <test-method status="PASS" signature="bye()[pri:0, instance:TestNGSample.Regression@7c16905e]" name="bye" duration-ms="18" started-at="2019-02-09T08:30:54Z" finished-at="2019-02-09T08:30:54Z">
          <reporter-output>
          </reporter-output>
        </test-method> <!-- bye -->
        <test-method status="PASS" signature="hello()[pri:0, instance:TestNGSample.Regression@7c16905e]" name="hello" duration-ms="2" started-at="2019-02-09T08:30:54Z" finished-at="2019-02-09T08:30:54Z">
          <reporter-output>
          </reporter-output>
        </test-method> <!-- hello -->
      </class> <!-- TestNGSample.Regression -->
    </test> <!-- Test -->
  </suite> <!-- Suite -->
</testng-results>
